<?xml version="1.0" encoding="UTF-8"?>
<testng-results ignored="0" total="1" passed="1" failed="0" skipped="0">
  <reporter-output>
  </reporter-output>
  <suite started-at="2023-09-04T02:04:10 IST" name="Suite" finished-at="2023-09-04T02:04:22 IST" duration-ms="11704">
    <groups>
    </groups>
    <test started-at="2023-09-04T02:04:10 IST" name="ChromeTest" finished-at="2023-09-04T02:04:22 IST" duration-ms="11704">
      <class name="qa.tests.TestCase1">
        <test-method is-config="true" signature="beforeTestMethod()[pri:0, instance:qa.tests.TestCase1@2362f559]" started-at="2023-09-04T02:04:10 IST" name="beforeTestMethod" finished-at="2023-09-04T02:04:10 IST" duration-ms="215" status="PASS">
          <reporter-output>
          </reporter-output>
        </test-method> <!-- beforeTestMethod -->
        <test-method is-config="true" signature="beforeMethodMethod(java.lang.String,java.lang.reflect.Method)[pri:0, instance:qa.tests.TestCase1@2362f559]" started-at="2023-09-04T02:04:10 IST" name="beforeMethodMethod" finished-at="2023-09-04T02:04:16 IST" duration-ms="5212" status="PASS">
          <params>
            <param index="0">
              <value>
                <![CDATA[chrome]]>
              </value>
            </param>
            <param index="1">
              <value>
                <![CDATA[public void qa.tests.TestCase1.sampleMethodForEnteringCredentials()]]>
              </value>
            </param>
          </params>
          <reporter-output>
          </reporter-output>
        </test-method> <!-- beforeMethodMethod -->
        <test-method signature="sampleMethodForEnteringCredentials()[pri:0, instance:qa.tests.TestCase1@2362f559]" started-at="2023-09-04T02:04:16 IST" name="sampleMethodForEnteringCredentials" finished-at="2023-09-04T02:04:21 IST" duration-ms="5848" status="PASS">
          <reporter-output>
          </reporter-output>
        </test-method> <!-- sampleMethodForEnteringCredentials -->
        <test-method is-config="true" signature="afterMethod(org.testng.ITestResult)[pri:0, instance:qa.tests.TestCase1@2362f559]" started-at="2023-09-04T02:04:21 IST" name="afterMethod" finished-at="2023-09-04T02:04:22 IST" duration-ms="140" status="PASS">
          <params>
            <param index="0">
              <value>
                <![CDATA[[TestResult name=sampleMethodForEnteringCredentials status=SUCCESS method=TestCase1.sampleMethodForEnteringCredentials()[pri:0, instance:qa.tests.TestCase1@2362f559] output={null}]]]>
              </value>
            </param>
          </params>
          <reporter-output>
          </reporter-output>
        </test-method> <!-- afterMethod -->
        <test-method is-config="true" signature="afterTest()[pri:0, instance:qa.tests.TestCase1@2362f559]" started-at="2023-09-04T02:04:22 IST" name="afterTest" finished-at="2023-09-04T02:04:22 IST" duration-ms="258" status="PASS">
          <reporter-output>
          </reporter-output>
        </test-method> <!-- afterTest -->
      </class> <!-- qa.tests.TestCase1 -->
    </test> <!-- ChromeTest -->
  </suite> <!-- Suite -->
</testng-results>
